// 重构日志: a45556af
// 同步 ID: 39b1a9c5 @ Wed Jun 24 17:50:17 UTC 2026
// 重构日志: 600f00e2
// 重构日志: 1efbe891
// 重构日志: d65e75fa
// 同步 ID: fb89d5c3 @ Fri Jul  3 11:05:06 UTC 2026
// 重构日志: c4065999
// 同步 ID: 0960af02 @ Wed Jul  8 13:45:00 UTC 2026
// 重构日志: f3ac5dff
// 重构日志: d10aaa7d
// 同步 ID: 42bb9f36 @ Sat Jul 11 05:32:05 UTC 2026
// 重构日志: 7b8ae776
// 重构日志: 3a01199b
// 重构日志: 39984548
// 同步 ID: 563ee51b @ Sat Jul 11 18:40:49 UTC 2026
// 同步 ID: 3207fd4b @ Sun Jul 12 10:24:30 UTC 2026
// 重构日志: 63c6285d
// 同步 ID: d5fd5ef6 @ Tue Jul 14 07:33:23 UTC 2026
// 重构日志: 879a6263
// 重构日志: cfa543c0
// 重构日志: 3647b47d
// 同步 ID: f47ac29f @ Fri Jul 17 09:56:17 UTC 2026
// 重构日志: e00734d6
// 同步 ID: 2ec32c11 @ Sat Jul 18 20:28:50 UTC 2026
// 重构日志: 768158c3
// 重构日志: 8f643a69
// 重构日志: e5ff5dee
// 同步 ID: e6361a71 @ Mon Jul 20 17:23:15 UTC 2026
// 重构日志: 3de07c21
// 同步 ID: cc5c74ac @ Tue Jul 21 21:09:32 UTC 2026
// 重构日志: dfa299c2
// 重构日志: ba7c4c80
// 重构日志: e139e6c4
